Error[105]   C:\USERS\CARLOS_TONCHE\DOCUMENTS\BOOTLOADER.X\TINYB18F2455-2550-4455-4550.ASM 5 : Cannot open file (Include File "pic18f4550.inc" not found)
Error[176]   C:\USERS\CARLOS_TONCHE\DOCUMENTS\BOOTLOADER.X\TINYB18F2455-2550-4455-4550.ASM 42 : CONFIG Directive Error:  (processor "EEPROM8" is invalid for CONFIG directive)
Error[176]   C:\USERS\CARLOS_TONCHE\DOCUMENTS\BOOTLOADER.X\TINYB18F2455-2550-4455-4550.ASM 46 : CONFIG Directive Error:  (processor "EEPROM8" is invalid for CONFIG directive)
Error[176]   C:\USERS\CARLOS_TONCHE\DOCUMENTS\BOOTLOADER.X\TINYB18F2455-2550-4455-4550.ASM 49 : CONFIG Directive Error:  (processor "EEPROM8" is invalid for CONFIG directive)
Error[176]   C:\USERS\CARLOS_TONCHE\DOCUMENTS\BOOTLOADER.X\TINYB18F2455-2550-4455-4550.ASM 52 : CONFIG Directive Error:  (processor "EEPROM8" is invalid for CONFIG directive)
Error[176]   C:\USERS\CARLOS_TONCHE\DOCUMENTS\BOOTLOADER.X\TINYB18F2455-2550-4455-4550.ASM 56 : CONFIG Directive Error:  (processor "EEPROM8" is invalid for CONFIG directive)
Error[176]   C:\USERS\CARLOS_TONCHE\DOCUMENTS\BOOTLOADER.X\TINYB18F2455-2550-4455-4550.ASM 60 : CONFIG Directive Error:  (processor "EEPROM8" is invalid for CONFIG directive)
Warning[207] C:\USERS\CARLOS_TONCHE\DOCUMENTS\BOOTLOADER.X\TINYB18F2455-2550-4455-4550.ASM 87 : Found label after column 1. (GOTO)
Error[122]   C:\USERS\CARLOS_TONCHE\DOCUMENTS\BOOTLOADER.X\TINYB18F2455-2550-4455-4550.ASM 87 : Illegal opcode (IntrareBootloader)
Warning[207] C:\USERS\CARLOS_TONCHE\DOCUMENTS\BOOTLOADER.X\TINYB18F2455-2550-4455-4550.ASM 98 : Found label after column 1. (nop)
Warning[207] C:\USERS\CARLOS_TONCHE\DOCUMENTS\BOOTLOADER.X\TINYB18F2455-2550-4455-4550.ASM 99 : Found label after column 1. (nop)
Warning[207] C:\USERS\CARLOS_TONCHE\DOCUMENTS\BOOTLOADER.X\TINYB18F2455-2550-4455-4550.ASM 100 : Found label after column 1. (nop)
Warning[207] C:\USERS\CARLOS_TONCHE\DOCUMENTS\BOOTLOADER.X\TINYB18F2455-2550-4455-4550.ASM 101 : Found label after column 1. (nop)
Warning[207] C:\USERS\CARLOS_TONCHE\DOCUMENTS\BOOTLOADER.X\TINYB18F2455-2550-4455-4550.ASM 105 : Found label after column 1. (movlw)
Error[122]   C:\USERS\CARLOS_TONCHE\DOCUMENTS\BOOTLOADER.X\TINYB18F2455-2550-4455-4550.ASM 105 : Illegal opcode (b)
Warning[207] C:\USERS\CARLOS_TONCHE\DOCUMENTS\BOOTLOADER.X\TINYB18F2455-2550-4455-4550.ASM 106 : Found label after column 1. (movwf)
Error[122]   C:\USERS\CARLOS_TONCHE\DOCUMENTS\BOOTLOADER.X\TINYB18F2455-2550-4455-4550.ASM 106 : Illegal opcode (TXSTA)
Warning[207] C:\USERS\CARLOS_TONCHE\DOCUMENTS\BOOTLOADER.X\TINYB18F2455-2550-4455-4550.ASM 107 : Found label after column 1. (movlw)
Error[122]   C:\USERS\CARLOS_TONCHE\DOCUMENTS\BOOTLOADER.X\TINYB18F2455-2550-4455-4550.ASM 107 : Illegal opcode (spbrg_value)
Warning[207] C:\USERS\CARLOS_TONCHE\DOCUMENTS\BOOTLOADER.X\TINYB18F2455-2550-4455-4550.ASM 108 : Found label after column 1. (movwf)
Error[122]   C:\USERS\CARLOS_TONCHE\DOCUMENTS\BOOTLOADER.X\TINYB18F2455-2550-4455-4550.ASM 108 : Illegal opcode (SPBRG)
Warning[207] C:\USERS\CARLOS_TONCHE\DOCUMENTS\BOOTLOADER.X\TINYB18F2455-2550-4455-4550.ASM 109 : Found label after column 1. (movlw)
Error[122]   C:\USERS\CARLOS_TONCHE\DOCUMENTS\BOOTLOADER.X\TINYB18F2455-2550-4455-4550.ASM 109 : Illegal opcode (b)
Warning[207] C:\USERS\CARLOS_TONCHE\DOCUMENTS\BOOTLOADER.X\TINYB18F2455-2550-4455-4550.ASM 110 : Found label after column 1. (movwf)
Error[122]   C:\USERS\CARLOS_TONCHE\DOCUMENTS\BOOTLOADER.X\TINYB18F2455-2550-4455-4550.ASM 110 : Illegal opcode (RCSTA)
Warning[207] C:\USERS\CARLOS_TONCHE\DOCUMENTS\BOOTLOADER.X\TINYB18F2455-2550-4455-4550.ASM 112 : Found label after column 1. (rcall)
Error[122]   C:\USERS\CARLOS_TONCHE\DOCUMENTS\BOOTLOADER.X\TINYB18F2455-2550-4455-4550.ASM 112 : Illegal opcode (Receive)
Warning[207] C:\USERS\CARLOS_TONCHE\DOCUMENTS\BOOTLOADER.X\TINYB18F2455-2550-4455-4550.ASM 113 : Found label after column 1. (sublw)
Error[108]   C:\USERS\CARLOS_TONCHE\DOCUMENTS\BOOTLOADER.X\TINYB18F2455-2550-4455-4550.ASM 113 : Illegal character (0)
Warning[207] C:\USERS\CARLOS_TONCHE\DOCUMENTS\BOOTLOADER.X\TINYB18F2455-2550-4455-4550.ASM 114 : Found label after column 1. (bnz)
Error[122]   C:\USERS\CARLOS_TONCHE\DOCUMENTS\BOOTLOADER.X\TINYB18F2455-2550-4455-4550.ASM 114 : Illegal opcode (way_to_exit)
Warning[207] C:\USERS\CARLOS_TONCHE\DOCUMENTS\BOOTLOADER.X\TINYB18F2455-2550-4455-4550.ASM 80 : Found label after column 1. (movlw)
Error[122]   C:\USERS\CARLOS_TONCHE\DOCUMENTS\BOOTLOADER.X\TINYB18F2455-2550-4455-4550.ASM 80 : Illegal opcode (IdTypePIC)
Warning[207] C:\USERS\CARLOS_TONCHE\DOCUMENTS\BOOTLOADER.X\TINYB18F2455-2550-4455-4550.ASM 81 : Found label after column 1. (movwf)
Error[122]   C:\USERS\CARLOS_TONCHE\DOCUMENTS\BOOTLOADER.X\TINYB18F2455-2550-4455-4550.ASM 81 : Illegal opcode (TXREG)
Warning[207] C:\USERS\CARLOS_TONCHE\DOCUMENTS\BOOTLOADER.X\TINYB18F2455-2550-4455-4550.ASM 80 : Found label after column 1. (movlw)
Error[108]   C:\USERS\CARLOS_TONCHE\DOCUMENTS\BOOTLOADER.X\TINYB18F2455-2550-4455-4550.ASM 80 : Illegal character (')
Warning[207] C:\USERS\CARLOS_TONCHE\DOCUMENTS\BOOTLOADER.X\TINYB18F2455-2550-4455-4550.ASM 81 : Found label after column 1. (movwf)
Error[122]   C:\USERS\CARLOS_TONCHE\DOCUMENTS\BOOTLOADER.X\TINYB18F2455-2550-4455-4550.ASM 81 : Illegal opcode (TXREG)
Warning[207] C:\USERS\CARLOS_TONCHE\DOCUMENTS\BOOTLOADER.X\TINYB18F2455-2550-4455-4550.ASM 119 : Found label after column 1. (clrf)
Error[122]   C:\USERS\CARLOS_TONCHE\DOCUMENTS\BOOTLOADER.X\TINYB18F2455-2550-4455-4550.ASM 119 : Illegal opcode (crc)
Warning[207] C:\USERS\CARLOS_TONCHE\DOCUMENTS\BOOTLOADER.X\TINYB18F2455-2550-4455-4550.ASM 120 : Found label after column 1. (rcall)
Error[122]   C:\USERS\CARLOS_TONCHE\DOCUMENTS\BOOTLOADER.X\TINYB18F2455-2550-4455-4550.ASM 120 : Illegal opcode (Receive)
Warning[207] C:\USERS\CARLOS_TONCHE\DOCUMENTS\BOOTLOADER.X\TINYB18F2455-2550-4455-4550.ASM 121 : Found label after column 1. (movwf)
Error[122]   C:\USERS\CARLOS_TONCHE\DOCUMENTS\BOOTLOADER.X\TINYB18F2455-2550-4455-4550.ASM 121 : Illegal opcode (TBLPTRU)
Warning[207] C:\USERS\CARLOS_TONCHE\DOCUMENTS\BOOTLOADER.X\TINYB18F2455-2550-4455-4550.ASM 122 : Found label after column 1. (movwf)
Error[122]   C:\USERS\CARLOS_TONCHE\DOCUMENTS\BOOTLOADER.X\TINYB18F2455-2550-4455-4550.ASM 122 : Illegal opcode (flag)
Warning[207] C:\USERS\CARLOS_TONCHE\DOCUMENTS\BOOTLOADER.X\TINYB18F2455-2550-4455-4550.ASM 123 : Found label after column 1. (rcall)
Error[122]   C:\USERS\CARLOS_TONCHE\DOCUMENTS\BOOTLOADER.X\TINYB18F2455-2550-4455-4550.ASM 123 : Illegal opcode (Receive)
Warning[207] C:\USERS\CARLOS_TONCHE\DOCUMENTS\BOOTLOADER.X\TINYB18F2455-2550-4455-4550.ASM 124 : Found label after column 1. (movwf)
Error[122]   C:\USERS\CARLOS_TONCHE\DOCUMENTS\BOOTLOADER.X\TINYB18F2455-2550-4455-4550.ASM 124 : Illegal opcode (TBLPTRH)
Warning[207] C:\USERS\CARLOS_TONCHE\DOCUMENTS\BOOTLOADER.X\TINYB18F2455-2550-4455-4550.ASM 125 : Found label after column 1. (rcall)
Error[122]   C:\USERS\CARLOS_TONCHE\DOCUMENTS\BOOTLOADER.X\TINYB18F2455-2550-4455-4550.ASM 125 : Illegal opcode (Receive)
Warning[207] C:\USERS\CARLOS_TONCHE\DOCUMENTS\BOOTLOADER.X\TINYB18F2455-2550-4455-4550.ASM 126 : Found label after column 1. (movwf)
Error[122]   C:\USERS\CARLOS_TONCHE\DOCUMENTS\BOOTLOADER.X\TINYB18F2455-2550-4455-4550.ASM 126 : Illegal opcode (TBLPTRL)
Warning[207] C:\USERS\CARLOS_TONCHE\DOCUMENTS\BOOTLOADER.X\TINYB18F2455-2550-4455-4550.ASM 127 : Found label after column 1. (movwf)
Error[122]   C:\USERS\CARLOS_TONCHE\DOCUMENTS\BOOTLOADER.X\TINYB18F2455-2550-4455-4550.ASM 127 : Illegal opcode (EEADR)
Warning[207] C:\USERS\CARLOS_TONCHE\DOCUMENTS\BOOTLOADER.X\TINYB18F2455-2550-4455-4550.ASM 129 : Found label after column 1. (rcall)
Error[122]   C:\USERS\CARLOS_TONCHE\DOCUMENTS\BOOTLOADER.X\TINYB18F2455-2550-4455-4550.ASM 129 : Illegal opcode (Receive)
Warning[207] C:\USERS\CARLOS_TONCHE\DOCUMENTS\BOOTLOADER.X\TINYB18F2455-2550-4455-4550.ASM 130 : Found label after column 1. (movwf)
Error[122]   C:\USERS\CARLOS_TONCHE\DOCUMENTS\BOOTLOADER.X\TINYB18F2455-2550-4455-4550.ASM 130 : Illegal opcode (i)
Warning[207] C:\USERS\CARLOS_TONCHE\DOCUMENTS\BOOTLOADER.X\TINYB18F2455-2550-4455-4550.ASM 131 : Found label after column 1. (incf)
Error[122]   C:\USERS\CARLOS_TONCHE\DOCUMENTS\BOOTLOADER.X\TINYB18F2455-2550-4455-4550.ASM 131 : Illegal opcode (i)
Warning[207] C:\USERS\CARLOS_TONCHE\DOCUMENTS\BOOTLOADER.X\TINYB18F2455-2550-4455-4550.ASM 132 : Found label after column 1. (lfsr)
Error[122]   C:\USERS\CARLOS_TONCHE\DOCUMENTS\BOOTLOADER.X\TINYB18F2455-2550-4455-4550.ASM 132 : Illegal opcode (FSR0)
Warning[207] C:\USERS\CARLOS_TONCHE\DOCUMENTS\BOOTLOADER.X\TINYB18F2455-2550-4455-4550.ASM 134 : Found label after column 1. (movwf)
Error[122]   C:\USERS\CARLOS_TONCHE\DOCUMENTS\BOOTLOADER.X\TINYB18F2455-2550-4455-4550.ASM 134 : Illegal opcode (TABLAT)
Warning[207] C:\USERS\CARLOS_TONCHE\DOCUMENTS\BOOTLOADER.X\TINYB18F2455-2550-4455-4550.ASM 135 : Found label after column 1. (rcall)
Error[122]   C:\USERS\CARLOS_TONCHE\DOCUMENTS\BOOTLOADER.X\TINYB18F2455-2550-4455-4550.ASM 135 : Illegal opcode (Receive)
Warning[207] C:\USERS\CARLOS_TONCHE\DOCUMENTS\BOOTLOADER.X\TINYB18F2455-2550-4455-4550.ASM 136 : Found label after column 1. (movwf)
Error[122]   C:\USERS\CARLOS_TONCHE\DOCUMENTS\BOOTLOADER.X\TINYB18F2455-2550-4455-4550.ASM 136 : Illegal opcode (PREINC0)
Warning[207] C:\USERS\CARLOS_TONCHE\DOCUMENTS\BOOTLOADER.X\TINYB18F2455-2550-4455-4550.ASM 137 : Found label after column 1. (btfss)
Error[122]   C:\USERS\CARLOS_TONCHE\DOCUMENTS\BOOTLOADER.X\TINYB18F2455-2550-4455-4550.ASM 137 : Illegal opcode (i)
Warning[207] C:\USERS\CARLOS_TONCHE\DOCUMENTS\BOOTLOADER.X\TINYB18F2455-2550-4455-4550.ASM 138 : Found label after column 1. (movwf)
Error[122]   C:\USERS\CARLOS_TONCHE\DOCUMENTS\BOOTLOADER.X\TINYB18F2455-2550-4455-4550.ASM 138 : Illegal opcode (EEDATA)
Warning[207] C:\USERS\CARLOS_TONCHE\DOCUMENTS\BOOTLOADER.X\TINYB18F2455-2550-4455-4550.ASM 139 : Found label after column 1. (decfsz)
Error[122]   C:\USERS\CARLOS_TONCHE\DOCUMENTS\BOOTLOADER.X\TINYB18F2455-2550-4455-4550.ASM 139 : Illegal opcode (i)
Warning[207] C:\USERS\CARLOS_TONCHE\DOCUMENTS\BOOTLOADER.X\TINYB18F2455-2550-4455-4550.ASM 140 : Found label after column 1. (bra)
Error[122]   C:\USERS\CARLOS_TONCHE\DOCUMENTS\BOOTLOADER.X\TINYB18F2455-2550-4455-4550.ASM 140 : Illegal opcode (rcvoct)
Warning[207] C:\USERS\CARLOS_TONCHE\DOCUMENTS\BOOTLOADER.X\TINYB18F2455-2550-4455-4550.ASM 142 : Found label after column 1. (tstfsz)
Error[122]   C:\USERS\CARLOS_TONCHE\DOCUMENTS\BOOTLOADER.X\TINYB18F2455-2550-4455-4550.ASM 142 : Illegal opcode (crc)
Warning[207] C:\USERS\CARLOS_TONCHE\DOCUMENTS\BOOTLOADER.X\TINYB18F2455-2550-4455-4550.ASM 143 : Found label after column 1. (bra)
Error[122]   C:\USERS\CARLOS_TONCHE\DOCUMENTS\BOOTLOADER.X\TINYB18F2455-2550-4455-4550.ASM 143 : Illegal opcode (ziieroare)
Warning[207] C:\USERS\CARLOS_TONCHE\DOCUMENTS\BOOTLOADER.X\TINYB18F2455-2550-4455-4550.ASM 144 : Found label after column 1. (btfss)
Error[122]   C:\USERS\CARLOS_TONCHE\DOCUMENTS\BOOTLOADER.X\TINYB18F2455-2550-4455-4550.ASM 144 : Illegal opcode (flag)
Warning[207] C:\USERS\CARLOS_TONCHE\DOCUMENTS\BOOTLOADER.X\TINYB18F2455-2550-4455-4550.ASM 145 : Found label after column 1. (bra)
Error[122]   C:\USERS\CARLOS_TONCHE\DOCUMENTS\BOOTLOADER.X\TINYB18F2455-2550-4455-4550.ASM 145 : Illegal opcode (noeeprom)
Warning[207] C:\USERS\CARLOS_TONCHE\DOCUMENTS\BOOTLOADER.X\TINYB18F2455-2550-4455-4550.ASM 146 : Found label after column 1. (movlw)
Error[122]   C:\USERS\CARLOS_TONCHE\DOCUMENTS\BOOTLOADER.X\TINYB18F2455-2550-4455-4550.ASM 146 : Illegal opcode (b)
Warning[207] C:\USERS\CARLOS_TONCHE\DOCUMENTS\BOOTLOADER.X\TINYB18F2455-2550-4455-4550.ASM 147 : Found label after column 1. (rcall)
Error[122]   C:\USERS\CARLOS_TONCHE\DOCUMENTS\BOOTLOADER.X\TINYB18F2455-2550-4455-4550.ASM 147 : Illegal opcode (Write)
Warning[207] C:\USERS\CARLOS_TONCHE\DOCUMENTS\BOOTLOADER.X\TINYB18F2455-2550-4455-4550.ASM 148 : Found label after column 1. (bra)
Error[122]   C:\USERS\CARLOS_TONCHE\DOCUMENTS\BOOTLOADER.X\TINYB18F2455-2550-4455-4550.ASM 148 : Illegal opcode (waitwre)
Warning[207] C:\USERS\CARLOS_TONCHE\DOCUMENTS\BOOTLOADER.X\TINYB18F2455-2550-4455-4550.ASM 161 : Found label after column 1. (movlw)
Error[122]   C:\USERS\CARLOS_TONCHE\DOCUMENTS\BOOTLOADER.X\TINYB18F2455-2550-4455-4550.ASM 161 : Illegal opcode (b)
Warning[207] C:\USERS\CARLOS_TONCHE\DOCUMENTS\BOOTLOADER.X\TINYB18F2455-2550-4455-4550.ASM 162 : Found label after column 1. (rcall)
Error[122]   C:\USERS\CARLOS_TONCHE\DOCUMENTS\BOOTLOADER.X\TINYB18F2455-2550-4455-4550.ASM 162 : Illegal opcode (Write)
Warning[207] C:\USERS\CARLOS_TONCHE\DOCUMENTS\BOOTLOADER.X\TINYB18F2455-2550-4455-4550.ASM 163 : Found label after column 1. (TBLRD)
Error[108]   C:\USERS\CARLOS_TONCHE\DOCUMENTS\BOOTLOADER.X\TINYB18F2455-2550-4455-4550.ASM 163 : Illegal character (*)
Warning[207] C:\USERS\CARLOS_TONCHE\DOCUMENTS\BOOTLOADER.X\TINYB18F2455-2550-4455-4550.ASM 166 : Found label after column 1. (movlw)
Error[108]   C:\USERS\CARLOS_TONCHE\DOCUMENTS\BOOTLOADER.X\TINYB18F2455-2550-4455-4550.ASM 166 : Illegal character (2)
Warning[207] C:\USERS\CARLOS_TONCHE\DOCUMENTS\BOOTLOADER.X\TINYB18F2455-2550-4455-4550.ASM 167 : Found label after column 1. (movwf)
Error[122]   C:\USERS\CARLOS_TONCHE\DOCUMENTS\BOOTLOADER.X\TINYB18F2455-2550-4455-4550.ASM 167 : Illegal opcode (counter_hi)
Warning[207] C:\USERS\CARLOS_TONCHE\DOCUMENTS\BOOTLOADER.X\TINYB18F2455-2550-4455-4550.ASM 168 : Found label after column 1. (lfsr)
Error[122]   C:\USERS\CARLOS_TONCHE\DOCUMENTS\BOOTLOADER.X\TINYB18F2455-2550-4455-4550.ASM 168 : Illegal opcode (FSR0)
Warning[207] C:\USERS\CARLOS_TONCHE\DOCUMENTS\BOOTLOADER.X\TINYB18F2455-2550-4455-4550.ASM 170 : Found label after column 1. (movlw)
Error[108]   C:\USERS\CARLOS_TONCHE\DOCUMENTS\BOOTLOADER.X\TINYB18F2455-2550-4455-4550.ASM 170 : Illegal character (3)
Warning[207] C:\USERS\CARLOS_TONCHE\DOCUMENTS\BOOTLOADER.X\TINYB18F2455-2550-4455-4550.ASM 171 : Found label after column 1. (movwf)
Error[122]   C:\USERS\CARLOS_TONCHE\DOCUMENTS\BOOTLOADER.X\TINYB18F2455-2550-4455-4550.ASM 171 : Illegal opcode (counter_lo)
Warning[207] C:\USERS\CARLOS_TONCHE\DOCUMENTS\BOOTLOADER.X\TINYB18F2455-2550-4455-4550.ASM 173 : Found label after column 1. (movf)
Error[122]   C:\USERS\CARLOS_TONCHE\DOCUMENTS\BOOTLOADER.X\TINYB18F2455-2550-4455-4550.ASM 173 : Illegal opcode (POSTINC0)
Warning[207] C:\USERS\CARLOS_TONCHE\DOCUMENTS\BOOTLOADER.X\TINYB18F2455-2550-4455-4550.ASM 174 : Found label after column 1. (movwf)
Error[122]   C:\USERS\CARLOS_TONCHE\DOCUMENTS\BOOTLOADER.X\TINYB18F2455-2550-4455-4550.ASM 174 : Illegal opcode (TABLAT)
Warning[207] C:\USERS\CARLOS_TONCHE\DOCUMENTS\BOOTLOADER.X\TINYB18F2455-2550-4455-4550.ASM 175 : Found label after column 1. (tblwt)
Error[108]   C:\USERS\CARLOS_TONCHE\DOCUMENTS\BOOTLOADER.X\TINYB18F2455-2550-4455-4550.ASM 175 : Illegal character (+)
Warning[207] C:\USERS\CARLOS_TONCHE\DOCUMENTS\BOOTLOADER.X\TINYB18F2455-2550-4455-4550.ASM 176 : Found label after column 1. (decfsz)
Error[122]   C:\USERS\CARLOS_TONCHE\DOCUMENTS\BOOTLOADER.X\TINYB18F2455-2550-4455-4550.ASM 176 : Illegal opcode (counter_lo)
Warning[207] C:\USERS\CARLOS_TONCHE\DOCUMENTS\BOOTLOADER.X\TINYB18F2455-2550-4455-4550.ASM 177 : Found label after column 1. (bra)
Error[122]   C:\USERS\CARLOS_TONCHE\DOCUMENTS\BOOTLOADER.X\TINYB18F2455-2550-4455-4550.ASM 177 : Illegal opcode (writebyte)
Warning[207] C:\USERS\CARLOS_TONCHE\DOCUMENTS\BOOTLOADER.X\TINYB18F2455-2550-4455-4550.ASM 179 : Found label after column 1. (movlw)
Error[122]   C:\USERS\CARLOS_TONCHE\DOCUMENTS\BOOTLOADER.X\TINYB18F2455-2550-4455-4550.ASM 179 : Illegal opcode (b)
Warning[207] C:\USERS\CARLOS_TONCHE\DOCUMENTS\BOOTLOADER.X\TINYB18F2455-2550-4455-4550.ASM 180 : Found label after column 1. (rcall)
Error[122]   C:\USERS\CARLOS_TONCHE\DOCUMENTS\BOOTLOADER.X\TINYB18F2455-2550-4455-4550.ASM 180 : Illegal opcode (Write)
Warning[207] C:\USERS\CARLOS_TONCHE\DOCUMENTS\BOOTLOADER.X\TINYB18F2455-2550-4455-4550.ASM 181 : Found label after column 1. (decfsz)
Error[122]   C:\USERS\CARLOS_TONCHE\DOCUMENTS\BOOTLOADER.X\TINYB18F2455-2550-4455-4550.ASM 181 : Illegal opcode (counter_hi)
Warning[207] C:\USERS\CARLOS_TONCHE\DOCUMENTS\BOOTLOADER.X\TINYB18F2455-2550-4455-4550.ASM 182 : Found label after column 1. (bra)
Error[122]   C:\USERS\CARLOS_TONCHE\DOCUMENTS\BOOTLOADER.X\TINYB18F2455-2550-4455-4550.ASM 182 : Illegal opcode (writesloop)
Warning[207] C:\USERS\CARLOS_TONCHE\DOCUMENTS\BOOTLOADER.X\TINYB18F2455-2550-4455-4550.ASM 187 : Found label after column 1. (bcf)
Error[122]   C:\USERS\CARLOS_TONCHE\DOCUMENTS\BOOTLOADER.X\TINYB18F2455-2550-4455-4550.ASM 187 : Illegal opcode (EECON1)
Warning[207] C:\USERS\CARLOS_TONCHE\DOCUMENTS\BOOTLOADER.X\TINYB18F2455-2550-4455-4550.ASM 188 : Found label after column 1. (bra)
Error[122]   C:\USERS\CARLOS_TONCHE\DOCUMENTS\BOOTLOADER.X\TINYB18F2455-2550-4455-4550.ASM 188 : Illegal opcode (MainLoop)
Warning[207] C:\USERS\CARLOS_TONCHE\DOCUMENTS\BOOTLOADER.X\TINYB18F2455-2550-4455-4550.ASM 80 : Found label after column 1. (movlw)
Error[108]   C:\USERS\CARLOS_TONCHE\DOCUMENTS\BOOTLOADER.X\TINYB18F2455-2550-4455-4550.ASM 80 : Illegal character (')
Warning[207] C:\USERS\CARLOS_TONCHE\DOCUMENTS\BOOTLOADER.X\TINYB18F2455-2550-4455-4550.ASM 81 : Found label after column 1. (movwf)
Error[122]   C:\USERS\CARLOS_TONCHE\DOCUMENTS\BOOTLOADER.X\TINYB18F2455-2550-4455-4550.ASM 81 : Illegal opcode (TXREG)
Warning[207] C:\USERS\CARLOS_TONCHE\DOCUMENTS\BOOTLOADER.X\TINYB18F2455-2550-4455-4550.ASM 192 : Found label after column 1. (bra)
Error[122]   C:\USERS\CARLOS_TONCHE\DOCUMENTS\BOOTLOADER.X\TINYB18F2455-2550-4455-4550.ASM 192 : Illegal opcode (mainl)
Warning[207] C:\USERS\CARLOS_TONCHE\DOCUMENTS\BOOTLOADER.X\TINYB18F2455-2550-4455-4550.ASM 197 : Found label after column 1. (movwf)
Error[122]   C:\USERS\CARLOS_TONCHE\DOCUMENTS\BOOTLOADER.X\TINYB18F2455-2550-4455-4550.ASM 197 : Illegal opcode (EECON1)
Warning[207] C:\USERS\CARLOS_TONCHE\DOCUMENTS\BOOTLOADER.X\TINYB18F2455-2550-4455-4550.ASM 198 : Found label after column 1. (movlw)
Error[108]   C:\USERS\CARLOS_TONCHE\DOCUMENTS\BOOTLOADER.X\TINYB18F2455-2550-4455-4550.ASM 198 : Illegal character (0)
Warning[207] C:\USERS\CARLOS_TONCHE\DOCUMENTS\BOOTLOADER.X\TINYB18F2455-2550-4455-4550.ASM 199 : Found label after column 1. (movwf)
Error[122]   C:\USERS\CARLOS_TONCHE\DOCUMENTS\BOOTLOADER.X\TINYB18F2455-2550-4455-4550.ASM 199 : Illegal opcode (EECON2)
Warning[207] C:\USERS\CARLOS_TONCHE\DOCUMENTS\BOOTLOADER.X\TINYB18F2455-2550-4455-4550.ASM 200 : Found label after column 1. (movlw)
Error[108]   C:\USERS\CARLOS_TONCHE\DOCUMENTS\BOOTLOADER.X\TINYB18F2455-2550-4455-4550.ASM 200 : Illegal character (0)
Warning[207] C:\USERS\CARLOS_TONCHE\DOCUMENTS\BOOTLOADER.X\TINYB18F2455-2550-4455-4550.ASM 201 : Found label after column 1. (movwf)
Error[122]   C:\USERS\CARLOS_TONCHE\DOCUMENTS\BOOTLOADER.X\TINYB18F2455-2550-4455-4550.ASM 201 : Illegal opcode (EECON2)
Warning[207] C:\USERS\CARLOS_TONCHE\DOCUMENTS\BOOTLOADER.X\TINYB18F2455-2550-4455-4550.ASM 202 : Found label after column 1. (bsf)
Error[122]   C:\USERS\CARLOS_TONCHE\DOCUMENTS\BOOTLOADER.X\TINYB18F2455-2550-4455-4550.ASM 202 : Illegal opcode (EECON1)
Warning[207] C:\USERS\CARLOS_TONCHE\DOCUMENTS\BOOTLOADER.X\TINYB18F2455-2550-4455-4550.ASM 203 : Found label after column 1. (nop)
Error[116]   C:\USERS\CARLOS_TONCHE\DOCUMENTS\BOOTLOADER.X\TINYB18F2455-2550-4455-4550.ASM 203 : Address label duplicated or different in second pass (nop)
Warning[207] C:\USERS\CARLOS_TONCHE\DOCUMENTS\BOOTLOADER.X\TINYB18F2455-2550-4455-4550.ASM 205 : Found label after column 1. (return)
Warning[207] C:\USERS\CARLOS_TONCHE\DOCUMENTS\BOOTLOADER.X\TINYB18F2455-2550-4455-4550.ASM 209 : Found label after column 1. (movlw)
Error[122]   C:\USERS\CARLOS_TONCHE\DOCUMENTS\BOOTLOADER.X\TINYB18F2455-2550-4455-4550.ASM 209 : Illegal opcode (xtal)
Warning[207] C:\USERS\CARLOS_TONCHE\DOCUMENTS\BOOTLOADER.X\TINYB18F2455-2550-4455-4550.ASM 211 : Found label after column 1. (movwf)
Error[122]   C:\USERS\CARLOS_TONCHE\DOCUMENTS\BOOTLOADER.X\TINYB18F2455-2550-4455-4550.ASM 211 : Illegal opcode (cnt1)
Warning[207] C:\USERS\CARLOS_TONCHE\DOCUMENTS\BOOTLOADER.X\TINYB18F2455-2550-4455-4550.ASM 213 : Found label after column 1. (clrf)
Error[122]   C:\USERS\CARLOS_TONCHE\DOCUMENTS\BOOTLOADER.X\TINYB18F2455-2550-4455-4550.ASM 213 : Illegal opcode (cnt2)
Warning[207] C:\USERS\CARLOS_TONCHE\DOCUMENTS\BOOTLOADER.X\TINYB18F2455-2550-4455-4550.ASM 215 : Found label after column 1. (clrf)
Error[122]   C:\USERS\CARLOS_TONCHE\DOCUMENTS\BOOTLOADER.X\TINYB18F2455-2550-4455-4550.ASM 215 : Illegal opcode (cnt3)
Warning[207] C:\USERS\CARLOS_TONCHE\DOCUMENTS\BOOTLOADER.X\TINYB18F2455-2550-4455-4550.ASM 217 : Found label after column 1. (btfss)
Error[122]   C:\USERS\CARLOS_TONCHE\DOCUMENTS\BOOTLOADER.X\TINYB18F2455-2550-4455-4550.ASM 217 : Illegal opcode (PIR1)
Warning[207] C:\USERS\CARLOS_TONCHE\DOCUMENTS\BOOTLOADER.X\TINYB18F2455-2550-4455-4550.ASM 218 : Found label after column 1. (bra)
Error[122]   C:\USERS\CARLOS_TONCHE\DOCUMENTS\BOOTLOADER.X\TINYB18F2455-2550-4455-4550.ASM 218 : Illegal opcode (notrcv)
Warning[207] C:\USERS\CARLOS_TONCHE\DOCUMENTS\BOOTLOADER.X\TINYB18F2455-2550-4455-4550.ASM 219 : Found label after column 1. (movf)
Error[122]   C:\USERS\CARLOS_TONCHE\DOCUMENTS\BOOTLOADER.X\TINYB18F2455-2550-4455-4550.ASM 219 : Illegal opcode (RCREG)
Warning[207] C:\USERS\CARLOS_TONCHE\DOCUMENTS\BOOTLOADER.X\TINYB18F2455-2550-4455-4550.ASM 220 : Found label after column 1. (addwf)
Error[122]   C:\USERS\CARLOS_TONCHE\DOCUMENTS\BOOTLOADER.X\TINYB18F2455-2550-4455-4550.ASM 220 : Illegal opcode (crc)
Warning[207] C:\USERS\CARLOS_TONCHE\DOCUMENTS\BOOTLOADER.X\TINYB18F2455-2550-4455-4550.ASM 221 : Found label after column 1. (return)
Warning[207] C:\USERS\CARLOS_TONCHE\DOCUMENTS\BOOTLOADER.X\TINYB18F2455-2550-4455-4550.ASM 223 : Found label after column 1. (decfsz)
Error[122]   C:\USERS\CARLOS_TONCHE\DOCUMENTS\BOOTLOADER.X\TINYB18F2455-2550-4455-4550.ASM 223 : Illegal opcode (cnt3)
Warning[207] C:\USERS\CARLOS_TONCHE\DOCUMENTS\BOOTLOADER.X\TINYB18F2455-2550-4455-4550.ASM 224 : Found label after column 1. (bra)
Error[122]   C:\USERS\CARLOS_TONCHE\DOCUMENTS\BOOTLOADER.X\TINYB18F2455-2550-4455-4550.ASM 224 : Illegal opcode (rptc)
Warning[207] C:\USERS\CARLOS_TONCHE\DOCUMENTS\BOOTLOADER.X\TINYB18F2455-2550-4455-4550.ASM 225 : Found label after column 1. (decfsz)
Error[122]   C:\USERS\CARLOS_TONCHE\DOCUMENTS\BOOTLOADER.X\TINYB18F2455-2550-4455-4550.ASM 225 : Illegal opcode (cnt2)
Warning[207] C:\USERS\CARLOS_TONCHE\DOCUMENTS\BOOTLOADER.X\TINYB18F2455-2550-4455-4550.ASM 226 : Found label after column 1. (bra)
Error[122]   C:\USERS\CARLOS_TONCHE\DOCUMENTS\BOOTLOADER.X\TINYB18F2455-2550-4455-4550.ASM 226 : Illegal opcode (rpt3)
Warning[207] C:\USERS\CARLOS_TONCHE\DOCUMENTS\BOOTLOADER.X\TINYB18F2455-2550-4455-4550.ASM 227 : Found label after column 1. (decfsz)
Error[122]   C:\USERS\CARLOS_TONCHE\DOCUMENTS\BOOTLOADER.X\TINYB18F2455-2550-4455-4550.ASM 227 : Illegal opcode (cnt1)
Warning[207] C:\USERS\CARLOS_TONCHE\DOCUMENTS\BOOTLOADER.X\TINYB18F2455-2550-4455-4550.ASM 228 : Found label after column 1. (bra)
Error[122]   C:\USERS\CARLOS_TONCHE\DOCUMENTS\BOOTLOADER.X\TINYB18F2455-2550-4455-4550.ASM 228 : Illegal opcode (rpt2)
Warning[207] C:\USERS\CARLOS_TONCHE\DOCUMENTS\BOOTLOADER.X\TINYB18F2455-2550-4455-4550.ASM 231 : Found label after column 1. (bcf)
Error[122]   C:\USERS\CARLOS_TONCHE\DOCUMENTS\BOOTLOADER.X\TINYB18F2455-2550-4455-4550.ASM 231 : Illegal opcode (RCSTA)
Warning[207] C:\USERS\CARLOS_TONCHE\DOCUMENTS\BOOTLOADER.X\TINYB18F2455-2550-4455-4550.ASM 232 : Found label after column 1. (bra)
Error[108]   C:\USERS\CARLOS_TONCHE\DOCUMENTS\BOOTLOADER.X\TINYB18F2455-2550-4455-4550.ASM 232 : Illegal character (0)
