

Microchip Technology PIC LITE Macro Assembler V2.00 build -1524193055 
                                                                                               Fri Oct 12 09:38:57 2018

Microchip Technology Omniscient Code Generator v2.00 (Free mode) build 20180527130849
     1  0000                     
      + 0000                     
     2                           ; Version 2.00
     3                           ; Generated 27/05/2018 GMT
     4                           
     5                           ; 
     6                           ; Copyright © 2018, Microchip Technology Inc. and its subsidiaries ("Microchip")
     7                           ; All rights reserved.
     8                           ; 
     9                           ; This software is developed by Microchip Technology Inc. and its subsidiaries ("Microch
                                 ip").
    10                           ; 
    11                           ; Redistribution and use in source and binary forms, with or without modification, are
    12                           ; permitted provided that the following conditions are met:
    13                           ; 
    14                           ;     1. Redistributions of source code must retain the above copyright notice, this lis
                                 t of
    15                           ;        conditions and the following disclaimer.
    16                           ; 
    17                           ;     2. Redistributions in binary form must reproduce the above copyright notice, this 
                                 list
    18                           ;        of conditions and the following disclaimer in the documentation and/or other
    19                           ;        materials provided with the distribution.
    20                           ; 
    21                           ;     3. Microchip's name may not be used to endorse or promote products derived from th
                                 is
    22                           ;        software without specific prior written permission.
    23                           ; 
    24                           ; THIS SOFTWARE IS PROVIDED BY MICROCHIP "AS IS" AND ANY EXPRESS OR IMPLIED WARRANTIES,

    25                           ; INCLUDING, BUT NOT LIMITED TO, THE IMPLIED WARRANTIES OF MERCHANTABILITY AND FITNESS F
                                 OR
    26                           ; PURPOSE ARE DISCLAIMED.  IN NO EVENT SHALL MICROCHIP BE LIABLE FOR ANY DIRECT, INDIREC
                                 T,
    27                           ; INCIDENTAL, SPECIAL, EXEMPLARY, OR CONSEQUENTIAL DAMAGES (INCLUDING BUT NOT LIMITED TO
                                 
    28                           ; PROCUREMENT OF SUBSTITUTE GOODS OR SERVICES; LOSS OF USE, DATA OR PROFITS; OR BUSINESS
                                 
    29                           ; INTERRUPTION) HOWSOEVER CAUSED AND ON ANY THEORY OF LIABILITY, WHETHER IN CONTRACT, ST
                                 RICT
    30                           ; LIABILITY, OR TORT (INCLUDING NEGLIGENCE OR OTHERWISE) ARISING IN ANY WAY OUT OF THE U
                                 SE OF
    31                           ; THIS SOFTWARE, EVEN IF ADVISED OF THE POSSIBILITY OF SUCH DAMAGE.
    32                           ; 
    33                           
    34                           
    35                           ; 
    36                           ; Code-generator required, PIC16F877A Definitions
    37                           ; 
    38  0004                     fsr0 equ 04h
    39  0004                     indf equ 00h
    40  0000                     indf0 equ 00h
    41  0000                     pc equ 02h
    42  0002                     pcl equ 02h
    43  0002                     pclath equ 0Ah
    44  000A                     status equ 03h
    45  0003                     
     2                           opt pagewidth 120
     3  0000                     byte0	macro	val
     4                           	(getbyte(val,0))
     5                           endm
     6  0000                     byte1	macro	val
     7                           	(getbyte(val,1))
     8                           endm
     9  0000                     byte2	macro	val
    10                           	(getbyte(val,2))
    11                           endm
    12  0000                     byte3	macro	val
    13                           	(getbyte(val,3))
    14                           endm
    15  0000                     byte4	macro	val
    16                           	(getbyte(val,4))
    17                           endm
    18  0000                     byte5	macro	val
    19                           	(getbyte(val,5))
    20                           endm
    21  0000                     byte6	macro	val
    22                           	(getbyte(val,6))
    23                           endm
    24  0000                     byte7	macro	val
    25                           	(getbyte(val,7))
    26                           endm
    27  0000                     getword	macro	val,pos
    28                           	(((val) >> (8 * pos)) and 0xffff)
    29                           endm
    30  0000                     word0	macro	val
    31                           	(getword(val,0))
    32                           endm
    33  0000                     word1	macro	val
    34                           	(getword(val,2))
    35                           endm
    36  0000                     word2	macro	val
    37                           	(getword(val,4))
    38                           endm
    39  0000                     word3	macro	val
    40                           	(getword(val,6))
    41                           endm
    42  0000                     gettword	macro	val,pos
    43                           	(((val) >> (8 * pos)) and 0xffffff)
    44                           endm
    45  0000                     tword0	macro	val
    46                           	(gettword(val,0))
    47                           endm
    48  0000                     tword1	macro	val
    49                           	(gettword(val,3))
    50                           endm
    51  0000                     tword2	macro	val
    52                           	(gettword(val,6))
    53                           endm
    54  0000                     getdword	macro	val,pos
    55                           	(((val) >> (8 * pos)) and 0xffffffff)
    56                           endm
    57  0000                     dword0	macro	val
    58                           	(getdword(val,0))
    59                           endm
    60  0000                     dword1	macro	val
    61                           	(getdword(val,4))
    62                           endm
    63  0000                     clrc	macro
    64                           	bcf	3,0
    65                           	endm
    66  0000                     clrz	macro
    67                           	bcf	3,2
    68                           	endm
    69  0000                     setc	macro
    70                           	bsf	3,0
    71                           	endm
    72  0000                     setz	macro
    73                           	bsf	3,2
    74                           	endm
    75  0000                     skipc	macro
    76                           	btfss	3,0
    77                           	endm
    78  0000                     skipz	macro
    79                           	btfss	3,2
    80                           	endm
    81  0000                     skipnc	macro
    82                           	btfsc	3,0
    83                           	endm
    84  0000                     skipnz	macro
    85                           	btfsc	3,2
    86                           	endm
    87  0000                     # 54 "C:\Program Files (x86)\Microchip\xc8\v2.00\pic\include\pic16f877a.h"
    88                           INDF equ 00h ;# 
    89  0000                     # 61 "C:\Program Files (x86)\Microchip\xc8\v2.00\pic\include\pic16f877a.h"
    90                           TMR0 equ 01h ;# 
    91  0001                     # 68 "C:\Program Files (x86)\Microchip\xc8\v2.00\pic\include\pic16f877a.h"
    92                           PCL equ 02h ;# 
    93  0002                     # 75 "C:\Program Files (x86)\Microchip\xc8\v2.00\pic\include\pic16f877a.h"
    94                           STATUS equ 03h ;# 
    95  0003                     # 161 "C:\Program Files (x86)\Microchip\xc8\v2.00\pic\include\pic16f877a.h"
    96                           FSR equ 04h ;# 
    97  0004                     # 168 "C:\Program Files (x86)\Microchip\xc8\v2.00\pic\include\pic16f877a.h"
    98                           PORTA equ 05h ;# 
    99  0005                     # 218 "C:\Program Files (x86)\Microchip\xc8\v2.00\pic\include\pic16f877a.h"
   100                           PORTB equ 06h ;# 
   101  0006                     # 280 "C:\Program Files (x86)\Microchip\xc8\v2.00\pic\include\pic16f877a.h"
   102                           PORTC equ 07h ;# 
   103  0007                     # 342 "C:\Program Files (x86)\Microchip\xc8\v2.00\pic\include\pic16f877a.h"
   104                           PORTD equ 08h ;# 
   105  0008                     # 404 "C:\Program Files (x86)\Microchip\xc8\v2.00\pic\include\pic16f877a.h"
   106                           PORTE equ 09h ;# 
   107  0009                     # 436 "C:\Program Files (x86)\Microchip\xc8\v2.00\pic\include\pic16f877a.h"
   108                           PCLATH equ 0Ah ;# 
   109  000A                     # 456 "C:\Program Files (x86)\Microchip\xc8\v2.00\pic\include\pic16f877a.h"
   110                           INTCON equ 0Bh ;# 
   111  000B                     # 534 "C:\Program Files (x86)\Microchip\xc8\v2.00\pic\include\pic16f877a.h"
   112                           PIR1 equ 0Ch ;# 
   113  000C                     # 596 "C:\Program Files (x86)\Microchip\xc8\v2.00\pic\include\pic16f877a.h"
   114                           PIR2 equ 0Dh ;# 
   115  000D                     # 636 "C:\Program Files (x86)\Microchip\xc8\v2.00\pic\include\pic16f877a.h"
   116                           TMR1 equ 0Eh ;# 
   117  000E                     # 643 "C:\Program Files (x86)\Microchip\xc8\v2.00\pic\include\pic16f877a.h"
   118                           TMR1L equ 0Eh ;# 
   119  000E                     # 650 "C:\Program Files (x86)\Microchip\xc8\v2.00\pic\include\pic16f877a.h"
   120                           TMR1H equ 0Fh ;# 
   121  000F                     # 657 "C:\Program Files (x86)\Microchip\xc8\v2.00\pic\include\pic16f877a.h"
   122                           T1CON equ 010h ;# 
   123  0010                     # 732 "C:\Program Files (x86)\Microchip\xc8\v2.00\pic\include\pic16f877a.h"
   124                           TMR2 equ 011h ;# 
   125  0011                     # 739 "C:\Program Files (x86)\Microchip\xc8\v2.00\pic\include\pic16f877a.h"
   126                           T2CON equ 012h ;# 
   127  0012                     # 810 "C:\Program Files (x86)\Microchip\xc8\v2.00\pic\include\pic16f877a.h"
   128                           SSPBUF equ 013h ;# 
   129  0013                     # 817 "C:\Program Files (x86)\Microchip\xc8\v2.00\pic\include\pic16f877a.h"
   130                           SSPCON equ 014h ;# 
   131  0014                     # 887 "C:\Program Files (x86)\Microchip\xc8\v2.00\pic\include\pic16f877a.h"
   132                           CCPR1 equ 015h ;# 
   133  0015                     # 894 "C:\Program Files (x86)\Microchip\xc8\v2.00\pic\include\pic16f877a.h"
   134                           CCPR1L equ 015h ;# 
   135  0015                     # 901 "C:\Program Files (x86)\Microchip\xc8\v2.00\pic\include\pic16f877a.h"
   136                           CCPR1H equ 016h ;# 
   137  0016                     # 908 "C:\Program Files (x86)\Microchip\xc8\v2.00\pic\include\pic16f877a.h"
   138                           CCP1CON equ 017h ;# 
   139  0017                     # 966 "C:\Program Files (x86)\Microchip\xc8\v2.00\pic\include\pic16f877a.h"
   140                           RCSTA equ 018h ;# 
   141  0018                     # 1061 "C:\Program Files (x86)\Microchip\xc8\v2.00\pic\include\pic16f877a.h"
   142                           TXREG equ 019h ;# 
   143  0019                     # 1068 "C:\Program Files (x86)\Microchip\xc8\v2.00\pic\include\pic16f877a.h"
   144                           RCREG equ 01Ah ;# 
   145  001A                     # 1075 "C:\Program Files (x86)\Microchip\xc8\v2.00\pic\include\pic16f877a.h"
   146                           CCPR2 equ 01Bh ;# 
   147  001B                     # 1082 "C:\Program Files (x86)\Microchip\xc8\v2.00\pic\include\pic16f877a.h"
   148                           CCPR2L equ 01Bh ;# 
   149  001B                     # 1089 "C:\Program Files (x86)\Microchip\xc8\v2.00\pic\include\pic16f877a.h"
   150                           CCPR2H equ 01Ch ;# 
   151  001C                     # 1096 "C:\Program Files (x86)\Microchip\xc8\v2.00\pic\include\pic16f877a.h"
   152                           CCP2CON equ 01Dh ;# 
   153  001D                     # 1154 "C:\Program Files (x86)\Microchip\xc8\v2.00\pic\include\pic16f877a.h"
   154                           ADRESH equ 01Eh ;# 
   155  001E                     # 1161 "C:\Program Files (x86)\Microchip\xc8\v2.00\pic\include\pic16f877a.h"
   156                           ADCON0 equ 01Fh ;# 
   157  001F                     # 1257 "C:\Program Files (x86)\Microchip\xc8\v2.00\pic\include\pic16f877a.h"
   158                           OPTION_REG equ 081h ;# 
   159  0081                     # 1327 "C:\Program Files (x86)\Microchip\xc8\v2.00\pic\include\pic16f877a.h"
   160                           TRISA equ 085h ;# 
   161  0085                     # 1377 "C:\Program Files (x86)\Microchip\xc8\v2.00\pic\include\pic16f877a.h"
   162                           TRISB equ 086h ;# 
   163  0086                     # 1439 "C:\Program Files (x86)\Microchip\xc8\v2.00\pic\include\pic16f877a.h"
   164                           TRISC equ 087h ;# 
   165  0087                     # 1501 "C:\Program Files (x86)\Microchip\xc8\v2.00\pic\include\pic16f877a.h"
   166                           TRISD equ 088h ;# 
   167  0088                     # 1563 "C:\Program Files (x86)\Microchip\xc8\v2.00\pic\include\pic16f877a.h"
   168                           TRISE equ 089h ;# 
   169  0089                     # 1620 "C:\Program Files (x86)\Microchip\xc8\v2.00\pic\include\pic16f877a.h"
   170                           PIE1 equ 08Ch ;# 
   171  008C                     # 1682 "C:\Program Files (x86)\Microchip\xc8\v2.00\pic\include\pic16f877a.h"
   172                           PIE2 equ 08Dh ;# 
   173  008D                     # 1722 "C:\Program Files (x86)\Microchip\xc8\v2.00\pic\include\pic16f877a.h"
   174                           PCON equ 08Eh ;# 
   175  008E                     # 1756 "C:\Program Files (x86)\Microchip\xc8\v2.00\pic\include\pic16f877a.h"
   176                           SSPCON2 equ 091h ;# 
   177  0091                     # 1818 "C:\Program Files (x86)\Microchip\xc8\v2.00\pic\include\pic16f877a.h"
   178                           PR2 equ 092h ;# 
   179  0092                     # 1825 "C:\Program Files (x86)\Microchip\xc8\v2.00\pic\include\pic16f877a.h"
   180                           SSPADD equ 093h ;# 
   181  0093                     # 1832 "C:\Program Files (x86)\Microchip\xc8\v2.00\pic\include\pic16f877a.h"
   182                           SSPSTAT equ 094h ;# 
   183  0094                     # 2001 "C:\Program Files (x86)\Microchip\xc8\v2.00\pic\include\pic16f877a.h"
   184                           TXSTA equ 098h ;# 
   185  0098                     # 2082 "C:\Program Files (x86)\Microchip\xc8\v2.00\pic\include\pic16f877a.h"
   186                           SPBRG equ 099h ;# 
   187  0099                     # 2089 "C:\Program Files (x86)\Microchip\xc8\v2.00\pic\include\pic16f877a.h"
   188                           CMCON equ 09Ch ;# 
   189  009C                     # 2159 "C:\Program Files (x86)\Microchip\xc8\v2.00\pic\include\pic16f877a.h"
   190                           CVRCON equ 09Dh ;# 
   191  009D                     # 2224 "C:\Program Files (x86)\Microchip\xc8\v2.00\pic\include\pic16f877a.h"
   192                           ADRESL equ 09Eh ;# 
   193  009E                     # 2231 "C:\Program Files (x86)\Microchip\xc8\v2.00\pic\include\pic16f877a.h"
   194                           ADCON1 equ 09Fh ;# 
   195  009F                     # 2290 "C:\Program Files (x86)\Microchip\xc8\v2.00\pic\include\pic16f877a.h"
   196                           EEDATA equ 010Ch ;# 
   197  010C                     # 2297 "C:\Program Files (x86)\Microchip\xc8\v2.00\pic\include\pic16f877a.h"
   198                           EEADR equ 010Dh ;# 
   199  010D                     # 2304 "C:\Program Files (x86)\Microchip\xc8\v2.00\pic\include\pic16f877a.h"
   200                           EEDATH equ 010Eh ;# 
   201  010E                     # 2311 "C:\Program Files (x86)\Microchip\xc8\v2.00\pic\include\pic16f877a.h"
   202                           EEADRH equ 010Fh ;# 
   203  010F                     # 2318 "C:\Program Files (x86)\Microchip\xc8\v2.00\pic\include\pic16f877a.h"
   204                           EECON1 equ 018Ch ;# 
   205  018C                     # 2363 "C:\Program Files (x86)\Microchip\xc8\v2.00\pic\include\pic16f877a.h"
   206                           EECON2 equ 018Dh ;# 
   207  018D                     # 54 "C:\Program Files (x86)\Microchip\xc8\v2.00\pic\include\pic16f877a.h"
   208                           INDF equ 00h ;# 
   209  0000                     # 61 "C:\Program Files (x86)\Microchip\xc8\v2.00\pic\include\pic16f877a.h"
   210                           TMR0 equ 01h ;# 
   211  0001                     # 68 "C:\Program Files (x86)\Microchip\xc8\v2.00\pic\include\pic16f877a.h"
   212                           PCL equ 02h ;# 
   213  0002                     # 75 "C:\Program Files (x86)\Microchip\xc8\v2.00\pic\include\pic16f877a.h"
   214                           STATUS equ 03h ;# 
   215  0003                     # 161 "C:\Program Files (x86)\Microchip\xc8\v2.00\pic\include\pic16f877a.h"
   216                           FSR equ 04h ;# 
   217  0004                     # 168 "C:\Program Files (x86)\Microchip\xc8\v2.00\pic\include\pic16f877a.h"
   218                           PORTA equ 05h ;# 
   219  0005                     # 218 "C:\Program Files (x86)\Microchip\xc8\v2.00\pic\include\pic16f877a.h"
   220                           PORTB equ 06h ;# 
   221  0006                     # 280 "C:\Program Files (x86)\Microchip\xc8\v2.00\pic\include\pic16f877a.h"
   222                           PORTC equ 07h ;# 
   223  0007                     # 342 "C:\Program Files (x86)\Microchip\xc8\v2.00\pic\include\pic16f877a.h"
   224                           PORTD equ 08h ;# 
   225  0008                     # 404 "C:\Program Files (x86)\Microchip\xc8\v2.00\pic\include\pic16f877a.h"
   226                           PORTE equ 09h ;# 
   227  0009                     # 436 "C:\Program Files (x86)\Microchip\xc8\v2.00\pic\include\pic16f877a.h"
   228                           PCLATH equ 0Ah ;# 
   229  000A                     # 456 "C:\Program Files (x86)\Microchip\xc8\v2.00\pic\include\pic16f877a.h"
   230                           INTCON equ 0Bh ;# 
   231  000B                     # 534 "C:\Program Files (x86)\Microchip\xc8\v2.00\pic\include\pic16f877a.h"
   232                           PIR1 equ 0Ch ;# 
   233  000C                     # 596 "C:\Program Files (x86)\Microchip\xc8\v2.00\pic\include\pic16f877a.h"
   234                           PIR2 equ 0Dh ;# 
   235  000D                     # 636 "C:\Program Files (x86)\Microchip\xc8\v2.00\pic\include\pic16f877a.h"
   236                           TMR1 equ 0Eh ;# 
   237  000E                     # 643 "C:\Program Files (x86)\Microchip\xc8\v2.00\pic\include\pic16f877a.h"
   238                           TMR1L equ 0Eh ;# 
   239  000E                     # 650 "C:\Program Files (x86)\Microchip\xc8\v2.00\pic\include\pic16f877a.h"
   240                           TMR1H equ 0Fh ;# 
   241  000F                     # 657 "C:\Program Files (x86)\Microchip\xc8\v2.00\pic\include\pic16f877a.h"
   242                           T1CON equ 010h ;# 
   243  0010                     # 732 "C:\Program Files (x86)\Microchip\xc8\v2.00\pic\include\pic16f877a.h"
   244                           TMR2 equ 011h ;# 
   245  0011                     # 739 "C:\Program Files (x86)\Microchip\xc8\v2.00\pic\include\pic16f877a.h"
   246                           T2CON equ 012h ;# 
   247  0012                     # 810 "C:\Program Files (x86)\Microchip\xc8\v2.00\pic\include\pic16f877a.h"
   248                           SSPBUF equ 013h ;# 
   249  0013                     # 817 "C:\Program Files (x86)\Microchip\xc8\v2.00\pic\include\pic16f877a.h"
   250                           SSPCON equ 014h ;# 
   251  0014                     # 887 "C:\Program Files (x86)\Microchip\xc8\v2.00\pic\include\pic16f877a.h"
   252                           CCPR1 equ 015h ;# 
   253  0015                     # 894 "C:\Program Files (x86)\Microchip\xc8\v2.00\pic\include\pic16f877a.h"
   254                           CCPR1L equ 015h ;# 
   255  0015                     # 901 "C:\Program Files (x86)\Microchip\xc8\v2.00\pic\include\pic16f877a.h"
   256                           CCPR1H equ 016h ;# 
   257  0016                     # 908 "C:\Program Files (x86)\Microchip\xc8\v2.00\pic\include\pic16f877a.h"
   258                           CCP1CON equ 017h ;# 
   259  0017                     # 966 "C:\Program Files (x86)\Microchip\xc8\v2.00\pic\include\pic16f877a.h"
   260                           RCSTA equ 018h ;# 
   261  0018                     # 1061 "C:\Program Files (x86)\Microchip\xc8\v2.00\pic\include\pic16f877a.h"
   262                           TXREG equ 019h ;# 
   263  0019                     # 1068 "C:\Program Files (x86)\Microchip\xc8\v2.00\pic\include\pic16f877a.h"
   264                           RCREG equ 01Ah ;# 
   265  001A                     # 1075 "C:\Program Files (x86)\Microchip\xc8\v2.00\pic\include\pic16f877a.h"
   266                           CCPR2 equ 01Bh ;# 
   267  001B                     # 1082 "C:\Program Files (x86)\Microchip\xc8\v2.00\pic\include\pic16f877a.h"
   268                           CCPR2L equ 01Bh ;# 
   269  001B                     # 1089 "C:\Program Files (x86)\Microchip\xc8\v2.00\pic\include\pic16f877a.h"
   270                           CCPR2H equ 01Ch ;# 
   271  001C                     # 1096 "C:\Program Files (x86)\Microchip\xc8\v2.00\pic\include\pic16f877a.h"
   272                           CCP2CON equ 01Dh ;# 
   273  001D                     # 1154 "C:\Program Files (x86)\Microchip\xc8\v2.00\pic\include\pic16f877a.h"
   274                           ADRESH equ 01Eh ;# 
   275  001E                     # 1161 "C:\Program Files (x86)\Microchip\xc8\v2.00\pic\include\pic16f877a.h"
   276                           ADCON0 equ 01Fh ;# 
   277  001F                     # 1257 "C:\Program Files (x86)\Microchip\xc8\v2.00\pic\include\pic16f877a.h"
   278                           OPTION_REG equ 081h ;# 
   279  0081                     # 1327 "C:\Program Files (x86)\Microchip\xc8\v2.00\pic\include\pic16f877a.h"
   280                           TRISA equ 085h ;# 
   281  0085                     # 1377 "C:\Program Files (x86)\Microchip\xc8\v2.00\pic\include\pic16f877a.h"
   282                           TRISB equ 086h ;# 
   283  0086                     # 1439 "C:\Program Files (x86)\Microchip\xc8\v2.00\pic\include\pic16f877a.h"
   284                           TRISC equ 087h ;# 
   285  0087                     # 1501 "C:\Program Files (x86)\Microchip\xc8\v2.00\pic\include\pic16f877a.h"
   286                           TRISD equ 088h ;# 
   287  0088                     # 1563 "C:\Program Files (x86)\Microchip\xc8\v2.00\pic\include\pic16f877a.h"
   288                           TRISE equ 089h ;# 
   289  0089                     # 1620 "C:\Program Files (x86)\Microchip\xc8\v2.00\pic\include\pic16f877a.h"
   290                           PIE1 equ 08Ch ;# 
   291  008C                     # 1682 "C:\Program Files (x86)\Microchip\xc8\v2.00\pic\include\pic16f877a.h"
   292                           PIE2 equ 08Dh ;# 
   293  008D                     # 1722 "C:\Program Files (x86)\Microchip\xc8\v2.00\pic\include\pic16f877a.h"
   294                           PCON equ 08Eh ;# 
   295  008E                     # 1756 "C:\Program Files (x86)\Microchip\xc8\v2.00\pic\include\pic16f877a.h"
   296                           SSPCON2 equ 091h ;# 
   297  0091                     # 1818 "C:\Program Files (x86)\Microchip\xc8\v2.00\pic\include\pic16f877a.h"
   298                           PR2 equ 092h ;# 
   299  0092                     # 1825 "C:\Program Files (x86)\Microchip\xc8\v2.00\pic\include\pic16f877a.h"
   300                           SSPADD equ 093h ;# 
   301  0093                     # 1832 "C:\Program Files (x86)\Microchip\xc8\v2.00\pic\include\pic16f877a.h"
   302                           SSPSTAT equ 094h ;# 
   303  0094                     # 2001 "C:\Program Files (x86)\Microchip\xc8\v2.00\pic\include\pic16f877a.h"
   304                           TXSTA equ 098h ;# 
   305  0098                     # 2082 "C:\Program Files (x86)\Microchip\xc8\v2.00\pic\include\pic16f877a.h"
   306                           SPBRG equ 099h ;# 
   307  0099                     # 2089 "C:\Program Files (x86)\Microchip\xc8\v2.00\pic\include\pic16f877a.h"
   308                           CMCON equ 09Ch ;# 
   309  009C                     # 2159 "C:\Program Files (x86)\Microchip\xc8\v2.00\pic\include\pic16f877a.h"
   310                           CVRCON equ 09Dh ;# 
   311  009D                     # 2224 "C:\Program Files (x86)\Microchip\xc8\v2.00\pic\include\pic16f877a.h"
   312                           ADRESL equ 09Eh ;# 
   313  009E                     # 2231 "C:\Program Files (x86)\Microchip\xc8\v2.00\pic\include\pic16f877a.h"
   314                           ADCON1 equ 09Fh ;# 
   315  009F                     # 2290 "C:\Program Files (x86)\Microchip\xc8\v2.00\pic\include\pic16f877a.h"
   316                           EEDATA equ 010Ch ;# 
   317  010C                     # 2297 "C:\Program Files (x86)\Microchip\xc8\v2.00\pic\include\pic16f877a.h"
   318                           EEADR equ 010Dh ;# 
   319  010D                     # 2304 "C:\Program Files (x86)\Microchip\xc8\v2.00\pic\include\pic16f877a.h"
   320                           EEDATH equ 010Eh ;# 
   321  010E                     # 2311 "C:\Program Files (x86)\Microchip\xc8\v2.00\pic\include\pic16f877a.h"
   322                           EEADRH equ 010Fh ;# 
   323  010F                     # 2318 "C:\Program Files (x86)\Microchip\xc8\v2.00\pic\include\pic16f877a.h"
   324                           EECON1 equ 018Ch ;# 
   325  018C                     # 2363 "C:\Program Files (x86)\Microchip\xc8\v2.00\pic\include\pic16f877a.h"
   326                           EECON2 equ 018Dh ;# 
   327  018D                     # 54 "C:\Program Files (x86)\Microchip\xc8\v2.00\pic\include\pic16f877a.h"
   328                           INDF equ 00h ;# 
   329  0000                     # 61 "C:\Program Files (x86)\Microchip\xc8\v2.00\pic\include\pic16f877a.h"
   330                           TMR0 equ 01h ;# 
   331  0001                     # 68 "C:\Program Files (x86)\Microchip\xc8\v2.00\pic\include\pic16f877a.h"
   332                           PCL equ 02h ;# 
   333  0002                     # 75 "C:\Program Files (x86)\Microchip\xc8\v2.00\pic\include\pic16f877a.h"
   334                           STATUS equ 03h ;# 
   335  0003                     # 161 "C:\Program Files (x86)\Microchip\xc8\v2.00\pic\include\pic16f877a.h"
   336                           FSR equ 04h ;# 
   337  0004                     # 168 "C:\Program Files (x86)\Microchip\xc8\v2.00\pic\include\pic16f877a.h"
   338                           PORTA equ 05h ;# 
   339  0005                     # 218 "C:\Program Files (x86)\Microchip\xc8\v2.00\pic\include\pic16f877a.h"
   340                           PORTB equ 06h ;# 
   341  0006                     # 280 "C:\Program Files (x86)\Microchip\xc8\v2.00\pic\include\pic16f877a.h"
   342                           PORTC equ 07h ;# 
   343  0007                     # 342 "C:\Program Files (x86)\Microchip\xc8\v2.00\pic\include\pic16f877a.h"
   344                           PORTD equ 08h ;# 
   345  0008                     # 404 "C:\Program Files (x86)\Microchip\xc8\v2.00\pic\include\pic16f877a.h"
   346                           PORTE equ 09h ;# 
   347  0009                     # 436 "C:\Program Files (x86)\Microchip\xc8\v2.00\pic\include\pic16f877a.h"
   348                           PCLATH equ 0Ah ;# 
   349  000A                     # 456 "C:\Program Files (x86)\Microchip\xc8\v2.00\pic\include\pic16f877a.h"
   350                           INTCON equ 0Bh ;# 
   351  000B                     # 534 "C:\Program Files (x86)\Microchip\xc8\v2.00\pic\include\pic16f877a.h"
   352                           PIR1 equ 0Ch ;# 
   353  000C                     # 596 "C:\Program Files (x86)\Microchip\xc8\v2.00\pic\include\pic16f877a.h"
   354                           PIR2 equ 0Dh ;# 
   355  000D                     # 636 "C:\Program Files (x86)\Microchip\xc8\v2.00\pic\include\pic16f877a.h"
   356                           TMR1 equ 0Eh ;# 
   357  000E                     # 643 "C:\Program Files (x86)\Microchip\xc8\v2.00\pic\include\pic16f877a.h"
   358                           TMR1L equ 0Eh ;# 
   359  000E                     # 650 "C:\Program Files (x86)\Microchip\xc8\v2.00\pic\include\pic16f877a.h"
   360                           TMR1H equ 0Fh ;# 
   361  000F                     # 657 "C:\Program Files (x86)\Microchip\xc8\v2.00\pic\include\pic16f877a.h"
   362                           T1CON equ 010h ;# 
   363  0010                     # 732 "C:\Program Files (x86)\Microchip\xc8\v2.00\pic\include\pic16f877a.h"
   364                           TMR2 equ 011h ;# 
   365  0011                     # 739 "C:\Program Files (x86)\Microchip\xc8\v2.00\pic\include\pic16f877a.h"
   366                           T2CON equ 012h ;# 
   367  0012                     # 810 "C:\Program Files (x86)\Microchip\xc8\v2.00\pic\include\pic16f877a.h"
   368                           SSPBUF equ 013h ;# 
   369  0013                     # 817 "C:\Program Files (x86)\Microchip\xc8\v2.00\pic\include\pic16f877a.h"
   370                           SSPCON equ 014h ;# 
   371  0014                     # 887 "C:\Program Files (x86)\Microchip\xc8\v2.00\pic\include\pic16f877a.h"
   372                           CCPR1 equ 015h ;# 
   373  0015                     # 894 "C:\Program Files (x86)\Microchip\xc8\v2.00\pic\include\pic16f877a.h"
   374                           CCPR1L equ 015h ;# 
   375  0015                     # 901 "C:\Program Files (x86)\Microchip\xc8\v2.00\pic\include\pic16f877a.h"
   376                           CCPR1H equ 016h ;# 
   377  0016                     # 908 "C:\Program Files (x86)\Microchip\xc8\v2.00\pic\include\pic16f877a.h"
   378                           CCP1CON equ 017h ;# 
   379  0017                     # 966 "C:\Program Files (x86)\Microchip\xc8\v2.00\pic\include\pic16f877a.h"
   380                           RCSTA equ 018h ;# 
   381  0018                     # 1061 "C:\Program Files (x86)\Microchip\xc8\v2.00\pic\include\pic16f877a.h"
   382                           TXREG equ 019h ;# 
   383  0019                     # 1068 "C:\Program Files (x86)\Microchip\xc8\v2.00\pic\include\pic16f877a.h"
   384                           RCREG equ 01Ah ;# 
   385  001A                     # 1075 "C:\Program Files (x86)\Microchip\xc8\v2.00\pic\include\pic16f877a.h"
   386                           CCPR2 equ 01Bh ;# 
   387  001B                     # 1082 "C:\Program Files (x86)\Microchip\xc8\v2.00\pic\include\pic16f877a.h"
   388                           CCPR2L equ 01Bh ;# 
   389  001B                     # 1089 "C:\Program Files (x86)\Microchip\xc8\v2.00\pic\include\pic16f877a.h"
   390                           CCPR2H equ 01Ch ;# 
   391  001C                     # 1096 "C:\Program Files (x86)\Microchip\xc8\v2.00\pic\include\pic16f877a.h"
   392                           CCP2CON equ 01Dh ;# 
   393  001D                     # 1154 "C:\Program Files (x86)\Microchip\xc8\v2.00\pic\include\pic16f877a.h"
   394                           ADRESH equ 01Eh ;# 
   395  001E                     # 1161 "C:\Program Files (x86)\Microchip\xc8\v2.00\pic\include\pic16f877a.h"
   396                           ADCON0 equ 01Fh ;# 
   397  001F                     # 1257 "C:\Program Files (x86)\Microchip\xc8\v2.00\pic\include\pic16f877a.h"
   398                           OPTION_REG equ 081h ;# 
   399  0081                     # 1327 "C:\Program Files (x86)\Microchip\xc8\v2.00\pic\include\pic16f877a.h"
   400                           TRISA equ 085h ;# 
   401  0085                     # 1377 "C:\Program Files (x86)\Microchip\xc8\v2.00\pic\include\pic16f877a.h"
   402                           TRISB equ 086h ;# 
   403  0086                     # 1439 "C:\Program Files (x86)\Microchip\xc8\v2.00\pic\include\pic16f877a.h"
   404                           TRISC equ 087h ;# 
   405  0087                     # 1501 "C:\Program Files (x86)\Microchip\xc8\v2.00\pic\include\pic16f877a.h"
   406                           TRISD equ 088h ;# 
   407  0088                     # 1563 "C:\Program Files (x86)\Microchip\xc8\v2.00\pic\include\pic16f877a.h"
   408                           TRISE equ 089h ;# 
   409  0089                     # 1620 "C:\Program Files (x86)\Microchip\xc8\v2.00\pic\include\pic16f877a.h"
   410                           PIE1 equ 08Ch ;# 
   411  008C                     # 1682 "C:\Program Files (x86)\Microchip\xc8\v2.00\pic\include\pic16f877a.h"
   412                           PIE2 equ 08Dh ;# 
   413  008D                     # 1722 "C:\Program Files (x86)\Microchip\xc8\v2.00\pic\include\pic16f877a.h"
   414                           PCON equ 08Eh ;# 
   415  008E                     # 1756 "C:\Program Files (x86)\Microchip\xc8\v2.00\pic\include\pic16f877a.h"
   416                           SSPCON2 equ 091h ;# 
   417  0091                     # 1818 "C:\Program Files (x86)\Microchip\xc8\v2.00\pic\include\pic16f877a.h"
   418                           PR2 equ 092h ;# 
   419  0092                     # 1825 "C:\Program Files (x86)\Microchip\xc8\v2.00\pic\include\pic16f877a.h"
   420                           SSPADD equ 093h ;# 
   421  0093                     # 1832 "C:\Program Files (x86)\Microchip\xc8\v2.00\pic\include\pic16f877a.h"
   422                           SSPSTAT equ 094h ;# 
   423  0094                     # 2001 "C:\Program Files (x86)\Microchip\xc8\v2.00\pic\include\pic16f877a.h"
   424                           TXSTA equ 098h ;# 
   425  0098                     # 2082 "C:\Program Files (x86)\Microchip\xc8\v2.00\pic\include\pic16f877a.h"
   426                           SPBRG equ 099h ;# 
   427  0099                     # 2089 "C:\Program Files (x86)\Microchip\xc8\v2.00\pic\include\pic16f877a.h"
   428                           CMCON equ 09Ch ;# 
   429  009C                     # 2159 "C:\Program Files (x86)\Microchip\xc8\v2.00\pic\include\pic16f877a.h"
   430                           CVRCON equ 09Dh ;# 
   431  009D                     # 2224 "C:\Program Files (x86)\Microchip\xc8\v2.00\pic\include\pic16f877a.h"
   432                           ADRESL equ 09Eh ;# 
   433  009E                     # 2231 "C:\Program Files (x86)\Microchip\xc8\v2.00\pic\include\pic16f877a.h"
   434                           ADCON1 equ 09Fh ;# 
   435  009F                     # 2290 "C:\Program Files (x86)\Microchip\xc8\v2.00\pic\include\pic16f877a.h"
   436                           EEDATA equ 010Ch ;# 
   437  010C                     # 2297 "C:\Program Files (x86)\Microchip\xc8\v2.00\pic\include\pic16f877a.h"
   438                           EEADR equ 010Dh ;# 
   439  010D                     # 2304 "C:\Program Files (x86)\Microchip\xc8\v2.00\pic\include\pic16f877a.h"
   440                           EEDATH equ 010Eh ;# 
   441  010E                     # 2311 "C:\Program Files (x86)\Microchip\xc8\v2.00\pic\include\pic16f877a.h"
   442                           EEADRH equ 010Fh ;# 
   443  010F                     # 2318 "C:\Program Files (x86)\Microchip\xc8\v2.00\pic\include\pic16f877a.h"
   444                           EECON1 equ 018Ch ;# 
   445  018C                     # 2363 "C:\Program Files (x86)\Microchip\xc8\v2.00\pic\include\pic16f877a.h"
   446                           EECON2 equ 018Dh ;# 
   447  018D                     	FNCALL	_main,_loop
   448                           	FNCALL	_main,_setup
   449                           	FNROOT	_main
   450                           ; #config settings
   451                           global __CFG_FOSC$EXTRC
   452                           __CFG_FOSC$EXTRC equ 0x0
   453  0000                     global __CFG_WDTE$ON
   454                           __CFG_WDTE$ON equ 0x0
   455  0000                     global __CFG_PWRTE$OFF
   456                           __CFG_PWRTE$OFF equ 0x0
   457  0000                     global __CFG_BOREN$ON
   458                           __CFG_BOREN$ON equ 0x0
   459  0000                     global __CFG_LVP$ON
   460                           __CFG_LVP$ON equ 0x0
   461  0000                     global __CFG_CPD$OFF
   462                           __CFG_CPD$OFF equ 0x0
   463  0000                     global __CFG_WRT$OFF
   464                           __CFG_WRT$OFF equ 0x0
   465  0000                     global __CFG_CP$OFF
   466                           __CFG_CP$OFF equ 0x0
   467  0000                     	file	"C:\Users\CARLOS~1\AppData\Local\Temp\s83k."
   468                           	line	#
   469                           psect cinit,class=CODE,delta=2
   470                           global start_initialization
   471                           start_initialization:
   472  07FC                     
   473                           global __initialization
   474                           __initialization:
   475  07FC                     psect cinit,class=CODE,delta=2,merge=1
   476                           global end_of_initialization,__end_of__initialization
   477                           
   478                           ;End of C runtime variable initialization code
   479                           
   480                           end_of_initialization:
   481  07FC                     __end_of__initialization:
   482  07FC                     clrf status
   483  07FC  0183               ljmp _main	;jump to C main() function
   484  07FD  120A  118A  2FED   psect	cstackCOMMON,class=COMMON,space=1,noexec
   485                           global __pcstackCOMMON
   486                           __pcstackCOMMON:
   487  0000                     ?_setup:	; 1 bytes @ 0x0
   488  0000                     ??_setup:	; 1 bytes @ 0x0
   489  0000                     ?_loop:	; 1 bytes @ 0x0
   490  0000                     ??_loop:	; 1 bytes @ 0x0
   491  0000                     ??_main:	; 1 bytes @ 0x0
   492  0000                     ?_main:	; 2 bytes @ 0x0
   493  0000                     ;!
   494                           ;!Data Sizes:
   495                           ;!    Strings     0
   496                           ;!    Constant    0
   497                           ;!    Data        0
   498                           ;!    BSS         0
   499                           ;!    Persistent  0
   500                           ;!    Stack       0
   501                           ;!
   502                           ;!Auto Spaces:
   503                           ;!    Space          Size  Autos    Used
   504                           ;!    COMMON           14      0       0
   505                           ;!    BANK0            80      0       0
   506                           ;!    BANK1            80      0       0
   507                           ;!    BANK3            96      0       0
   508                           ;!    BANK2            96      0       0
   509                           
   510                           ;!
   511                           ;!Pointer List with Targets:
   512                           ;!
   513                           ;!    None.
   514                           
   515                           
   516                           ;!
   517                           ;!Critical Paths under _main in COMMON
   518                           ;!
   519                           ;!    None.
   520                           ;!
   521                           ;!Critical Paths under _main in BANK0
   522                           ;!
   523                           ;!    None.
   524                           ;!
   525                           ;!Critical Paths under _main in BANK1
   526                           ;!
   527                           ;!    None.
   528                           ;!
   529                           ;!Critical Paths under _main in BANK3
   530                           ;!
   531                           ;!    None.
   532                           ;!
   533                           ;!Critical Paths under _main in BANK2
   534                           ;!
   535                           ;!    None.
   536                           
   537 ;;
   538 ;;Main: autosize = 0, tempsize = 0, incstack = 0, save=0
   539 ;;
   540                           
   541                           ;!
   542                           ;!Call Graph Tables:
   543                           ;!
   544                           ;! ---------------------------------------------------------------------------------
   545                           ;! (Depth) Function   	        Calls       Base Space   Used Autos Params    Refs
   546                           ;! ---------------------------------------------------------------------------------
   547                           ;! (0) _main                                                 0     0      0       0
   548                           ;!                               _loop
   549                           ;!                              _setup
   550                           ;! ---------------------------------------------------------------------------------
   551                           ;! (1) _setup                                                0     0      0       0
   552                           ;! ---------------------------------------------------------------------------------
   553                           ;! (1) _loop                                                 0     0      0       0
   554                           ;! ---------------------------------------------------------------------------------
   555                           ;! Estimated maximum stack depth 1
   556                           ;! ---------------------------------------------------------------------------------
   557                           ;!
   558                           ;! Call Graph Graphs:
   559                           ;!
   560                           ;! _main (ROOT)
   561                           ;!   _loop
   562                           ;!   _setup
   563                           ;!
   564                           
   565                           ;! Address spaces:
   566                           
   567                           ;!Name               Size   Autos  Total    Cost      Usage
   568                           ;!BITCOMMON            E      0       0       0        0.0%
   569                           ;!EEDATA             100      0       0       0        0.0%
   570                           ;!NULL                 0      0       0       0        0.0%
   571                           ;!CODE                 0      0       0       0        0.0%
   572                           ;!COMMON               E      0       0       1        0.0%
   573                           ;!BITSFR0              0      0       0       1        0.0%
   574                           ;!SFR0                 0      0       0       1        0.0%
   575                           ;!BITSFR1              0      0       0       2        0.0%
   576                           ;!SFR1                 0      0       0       2        0.0%
   577                           ;!STACK                0      0       0       2        0.0%
   578                           ;!ABS                  0      0       0       3        0.0%
   579                           ;!BITBANK0            50      0       0       4        0.0%
   580                           ;!BITSFR3              0      0       0       4        0.0%
   581                           ;!SFR3                 0      0       0       4        0.0%
   582                           ;!BANK0               50      0       0       5        0.0%
   583                           ;!BITSFR2              0      0       0       5        0.0%
   584                           ;!SFR2                 0      0       0       5        0.0%
   585                           ;!BITBANK1            50      0       0       6        0.0%
   586                           ;!BANK1               50      0       0       7        0.0%
   587                           ;!BITBANK3            60      0       0       8        0.0%
   588                           ;!BANK3               60      0       0       9        0.0%
   589                           ;!BITBANK2            60      0       0      10        0.0%
   590                           ;!BANK2               60      0       0      11        0.0%
   591                           ;!DATA                 0      0       0      12        0.0%
   592                           
   593                           	global	_main
   594                           
   595 ;; *************** function _main *****************
   596 ;; Defined at:
   597 ;;		line 3 in file "main.c"
   598 ;; Parameters:    Size  Location     Type
   599 ;;		None
   600 ;; Auto vars:     Size  Location     Type
   601 ;;		None
   602 ;; Return value:  Size  Location     Type
   603 ;;                  2    8[None  ] int 
   604 ;; Registers used:
   605 ;;		status,2, status,0, pclath, cstack
   606 ;; Tracked objects:
   607 ;;		On entry : B00/0
   608 ;;		On exit  : 0/0
   609 ;;		Unchanged: 0/0
   610 ;; Data sizes:     COMMON   BANK0   BANK1   BANK3   BANK2
   611 ;;      Params:         0       0       0       0       0
   612 ;;      Locals:         0       0       0       0       0
   613 ;;      Temps:          0       0       0       0       0
   614 ;;      Totals:         0       0       0       0       0
   615 ;;Total ram usage:        0 bytes
   616 ;; Hardware stack levels required when called:    1
   617 ;; This function calls:
   618 ;;		_loop
   619 ;;		_setup
   620 ;; This function is called by:
   621 ;;		Startup code after reset
   622 ;; This function uses a non-reentrant model
   623 ;;
   624                           psect	maintext,global,class=CODE,delta=2,split=1,group=0
   625                           	file	"main.c"
   626                           	line	3
   627                           global __pmaintext
   628                           __pmaintext:	;psect for function _main
   629  07ED                     psect	maintext
   630                           	file	"main.c"
   631                           	line	3
   632                           	global	__size_of_main
   633                           	__size_of_main	equ	__end_of_main-_main
   634  000F                     	
   635                           _main:	
   636  07ED                     ;incstack = 0
   637                           	opt	stack 7
   638                           ; Regs used in _main: [status,2+status,0+pclath+cstack]
   639                           	line	5
   640                           	
   641                           l591:	
   642  07ED                     ;main.c: 5:     setup();
   643                           	fcall	_setup
   644  07ED  120A  118A  27EC  120A  118A  	line	6
   645                           ;main.c: 6:     while(1)
   646                           	
   647                           l9:	
   648  07F2                     	line	8
   649                           ;main.c: 7:     {;main.c: 8:         loop();
   650                           	fcall	_loop
   651  07F2  120A  118A  27EB  120A  118A  	goto	l9
   652  07F7  2FF2               	line	9
   653                           ;main.c: 9:     }
   654                           	
   655                           l10:	
   656  07F8                     	goto	l9
   657  07F8  2FF2               	
   658                           l11:	
   659  07F9                     	line	11
   660                           ;main.c: 10:     return 0;;	Return value of _main is never used
   661                           	
   662                           l12:	
   663  07F9                     	global	start
   664                           	ljmp	start
   665  07F9  120A  118A  2800   	opt stack 0
   666                           GLOBAL	__end_of_main
   667                           	__end_of_main:
   668  07FC                     	signat	_main,90
   669                           	global	_setup
   670                           
   671 ;; *************** function _setup *****************
   672 ;; Defined at:
   673 ;;		line 5 in file "application.c"
   674 ;; Parameters:    Size  Location     Type
   675 ;;		None
   676 ;; Auto vars:     Size  Location     Type
   677 ;;		None
   678 ;; Return value:  Size  Location     Type
   679 ;;                  1    wreg      void 
   680 ;; Registers used:
   681 ;;		None
   682 ;; Tracked objects:
   683 ;;		On entry : 0/0
   684 ;;		On exit  : 0/0
   685 ;;		Unchanged: 0/0
   686 ;; Data sizes:     COMMON   BANK0   BANK1   BANK3   BANK2
   687 ;;      Params:         0       0       0       0       0
   688 ;;      Locals:         0       0       0       0       0
   689 ;;      Temps:          0       0       0       0       0
   690 ;;      Totals:         0       0       0       0       0
   691 ;;Total ram usage:        0 bytes
   692 ;; Hardware stack levels used:    1
   693 ;; This function calls:
   694 ;;		Nothing
   695 ;; This function is called by:
   696 ;;		_main
   697 ;; This function uses a non-reentrant model
   698 ;;
   699                           psect	text1,local,class=CODE,delta=2,merge=1,group=0
   700                           	file	"application.c"
   701                           	line	5
   702                           global __ptext1
   703                           __ptext1:	;psect for function _setup
   704  07EC                     psect	text1
   705                           	file	"application.c"
   706                           	line	5
   707                           	global	__size_of_setup
   708                           	__size_of_setup	equ	__end_of_setup-_setup
   709  0001                     	
   710                           _setup:	
   711  07EC                     ;incstack = 0
   712                           	opt	stack 7
   713                           ; Regs used in _setup: []
   714                           	line	8
   715                           	
   716                           l15:	
   717  07EC                     	return
   718  07EC  0008               	opt stack 0
   719                           GLOBAL	__end_of_setup
   720                           	__end_of_setup:
   721  07ED                     	signat	_setup,89
   722                           	global	_loop
   723                           
   724 ;; *************** function _loop *****************
   725 ;; Defined at:
   726 ;;		line 9 in file "application.c"
   727 ;; Parameters:    Size  Location     Type
   728 ;;		None
   729 ;; Auto vars:     Size  Location     Type
   730 ;;		None
   731 ;; Return value:  Size  Location     Type
   732 ;;                  1    wreg      void 
   733 ;; Registers used:
   734 ;;		None
   735 ;; Tracked objects:
   736 ;;		On entry : 0/0
   737 ;;		On exit  : 0/0
   738 ;;		Unchanged: 0/0
   739 ;; Data sizes:     COMMON   BANK0   BANK1   BANK3   BANK2
   740 ;;      Params:         0       0       0       0       0
   741 ;;      Locals:         0       0       0       0       0
   742 ;;      Temps:          0       0       0       0       0
   743 ;;      Totals:         0       0       0       0       0
   744 ;;Total ram usage:        0 bytes
   745 ;; Hardware stack levels used:    1
   746 ;; This function calls:
   747 ;;		Nothing
   748 ;; This function is called by:
   749 ;;		_main
   750 ;; This function uses a non-reentrant model
   751 ;;
   752                           psect	text2,local,class=CODE,delta=2,merge=1,group=0
   753                           	line	9
   754                           global __ptext2
   755                           __ptext2:	;psect for function _loop
   756  07EB                     psect	text2
   757                           	file	"application.c"
   758                           	line	9
   759                           	global	__size_of_loop
   760                           	__size_of_loop	equ	__end_of_loop-_loop
   761  0001                     	
   762                           _loop:	
   763  07EB                     ;incstack = 0
   764                           	opt	stack 7
   765                           ; Regs used in _loop: []
   766                           	line	12
   767                           	
   768                           l18:	
   769  07EB                     	return
   770  07EB  0008               	opt stack 0
   771                           GLOBAL	__end_of_loop
   772                           	__end_of_loop:
   773  07EC                     	signat	_loop,89
   774                           global	___latbits
   775                           ___latbits	equ	2
   776  0002                     	global	btemp
   777                           	btemp set 07Eh
   778  007E                     
   779                           	DABS	1,126,2	;btemp
   780                           	global	wtemp0
   781                           	wtemp0 set btemp+0
   782  007E                     	end


Data Sizes:
    Strings     0
    Constant    0
    Data        0
    BSS         0
    Persistent  0
    Stack       0

Auto Spaces:
    Space          Size  Autos    Used
    COMMON           14      0       0
    BANK0            80      0       0
    BANK1            80      0       0
    BANK3            96      0       0
    BANK2            96      0       0

Pointer List with Targets:

    None.

Critical Paths under _main in COMMON

    None.

Critical Paths under _main in BANK0

    None.

Critical Paths under _main in BANK1

    None.

Critical Paths under _main in BANK3

    None.

Critical Paths under _main in BANK2

    None.

Call Graph Tables:

 ---------------------------------------------------------------------------------
 (Depth) Function   	        Calls       Base Space   Used Autos Params    Refs
 ---------------------------------------------------------------------------------
 (0) _main                                                 0     0      0       0
                               _loop
                              _setup
 ---------------------------------------------------------------------------------
 (1) _setup                                                0     0      0       0
 ---------------------------------------------------------------------------------
 (1) _loop                                                 0     0      0       0
 ---------------------------------------------------------------------------------
 Estimated maximum stack depth 1
 ---------------------------------------------------------------------------------

 Call Graph Graphs:

 _main (ROOT)
   _loop
   _setup

 Address spaces:
Name               Size   Autos  Total    Cost      Usage
BITCOMMON            E      0       0       0        0.0%
EEDATA             100      0       0       0        0.0%
NULL                 0      0       0       0        0.0%
CODE                 0      0       0       0        0.0%
COMMON               E      0       0       1        0.0%
BITSFR0              0      0       0       1        0.0%
SFR0                 0      0       0       1        0.0%
BITSFR1              0      0       0       2        0.0%
SFR1                 0      0       0       2        0.0%
STACK                0      0       0       2        0.0%
ABS                  0      0       0       3        0.0%
BITBANK0            50      0       0       4        0.0%
BITSFR3              0      0       0       4        0.0%
SFR3                 0      0       0       4        0.0%
BANK0               50      0       0       5        0.0%
BITSFR2              0      0       0       5        0.0%
SFR2                 0      0       0       5        0.0%
BITBANK1            50      0       0       6        0.0%
BANK1               50      0       0       7        0.0%
BITBANK3            60      0       0       8        0.0%
BANK3               60      0       0       9        0.0%
BITBANK2            60      0       0      10        0.0%
BANK2               60      0       0      11        0.0%
DATA                 0      0       0      12        0.0%


Microchip Technology PIC Macro Assembler V2.00 build -1524193055 
Symbol Table                                                                                   Fri Oct 12 09:38:57 2018

                      l9 07F2              __CFG_CP$OFF 0000                       l10 07F8  
                     l11 07F9                       l12 07F9                       l15 07EC  
                     l18 07EB              __CFG_LVP$ON 0000                      l591 07ED  
           __CFG_CPD$OFF 0000             __CFG_WDTE$ON 0000             __CFG_WRT$OFF 0000  
                   _main 07ED                     _loop 07EB                     btemp 007E  
          __CFG_BOREN$ON 0000                     start 0000                    ?_main 0000  
                  ?_loop 0000                    _setup 07EC                    status 0003  
                  wtemp0 007E          __initialization 07FC             __end_of_main 07FC  
           __end_of_loop 07EC                   ??_main 0000                   ??_loop 0000  
                 ?_setup 0000           __CFG_PWRTE$OFF 0000          __CFG_FOSC$EXTRC 0000  
__end_of__initialization 07FC           __pcstackCOMMON 0000            __end_of_setup 07ED  
                ??_setup 0000               __pmaintext 07ED                  __ptext1 07EC  
                __ptext2 07EB     end_of_initialization 07FC      start_initialization 07FC  
              ___latbits 0002           __size_of_setup 0001            __size_of_main 000F  
          __size_of_loop 0001  
